<?xml version="1.0" encoding="UTF-8"?>
<!-- Generated by org.testng.reporters.JUnitXMLReporter -->
<testsuite hostname="LAPTOP-NEL8F78E" ignored="0" name="Test2" tests="2" failures="0" timestamp="2020-05-01T17:08:49 IST" time="0.937" errors="0">
  <testcase name="@BeforeTest setUp" time="0.888" classname="com.experitest.bmoPOC1.EriBankTest">
    <failure type="java.lang.NoSuchMethodError" message="com.google.common.base.Throwables.throwIfUnchecked(Ljava/lang/Throwable;)V">
      <![CDATA[java.lang.NoSuchMethodError: com.google.common.base.Throwables.throwIfUnchecked(Ljava/lang/Throwable;)V
at io.appium.java_client.remote.AppiumCommandExecutor.execute(AppiumCommandExecutor.java:103)
at org.openqa.selenium.remote.RemoteWebDriver.execute(RemoteWebDriver.java:586)
at io.appium.java_client.DefaultGenericMobileDriver.execute(DefaultGenericMobileDriver.java:42)
at io.appium.java_client.AppiumDriver.execute(AppiumDriver.java:1)
at io.appium.java_client.ios.IOSDriver.execute(IOSDriver.java:1)
at org.openqa.selenium.remote.RemoteWebDriver.startSession(RemoteWebDriver.java:217)
at org.openqa.selenium.remote.RemoteWebDriver.<init>(RemoteWebDriver.java:140)
at io.appium.java_client.DefaultGenericMobileDriver.<init>(DefaultGenericMobileDriver.java:38)
at io.appium.java_client.AppiumDriver.<init>(AppiumDriver.java:83)
at io.appium.java_client.AppiumDriver.<init>(AppiumDriver.java:93)
at io.appium.java_client.ios.IOSDriver.<init>(IOSDriver.java:78)
at com.experitest.bmoPOC1.EriBankTest.setUp(EriBankTest.java:33)
at java.util.concurrent.FutureTask.run(FutureTask.java:266)
at java.util.concurrent.ThreadPoolExecutor.runWorker(ThreadPoolExecutor.java:1149)
at java.util.concurrent.ThreadPoolExecutor$Worker.run(ThreadPoolExecutor.java:624)
at java.lang.Thread.run(Thread.java:748)
... Removed 15 stack frames]]>
    </failure>
  </testcase> <!-- @BeforeTest setUp -->
  <testcase name="@AfterTest tearDown" time="-1.588333128978E9" classname="com.experitest.bmoPOC1.EriBankTest">
    <skipped/>
  </testcase> <!-- @AfterTest tearDown -->
  <testcase name="quickStartiOSNativeDemo" time="0.0" classname="com.experitest.bmoPOC1.EriBankTest">
    <skipped/>
  </testcase> <!-- quickStartiOSNativeDemo -->
  <testcase name="quickStartiOSNativeDemo" time="0.0" classname="com.experitest.bmoPOC1.EriBankTest">
    <skipped/>
  </testcase> <!-- quickStartiOSNativeDemo -->
</testsuite> <!-- Test2 -->
