<?xml version="1.0" encoding="UTF-8"?>
<testng-results skipped="0" failed="0" ignored="0" total="1" passed="1">
  <reporter-output>
  </reporter-output>
  <suite name="com.experitest.bmoPOC1.EriBankTest" duration-ms="146431" started-at="2020-05-01T17:16:45 IST" finished-at="2020-05-01T17:19:11 IST">
    <groups>
    </groups>
    <test name="Command line test" duration-ms="146431" started-at="2020-05-01T17:16:45 IST" finished-at="2020-05-01T17:19:11 IST">
      <class name="com.experitest.bmoPOC1.EriBankTest">
        <test-method status="PASS" signature="setUp(java.lang.String)[pri:0, instance:com.experitest.bmoPOC1.EriBankTest@13805618]" name="setUp" is-config="true" duration-ms="48034" started-at="2020-05-01T17:16:45 IST" finished-at="2020-05-01T17:17:33 IST">
          <params>
            <param index="0">
              <value is-null="true"/>
            </param>
          </params>
          <reporter-output>
          </reporter-output>
        </test-method> <!-- setUp -->
        <test-method status="PASS" signature="quickStartiOSNativeDemo()[pri:0, instance:com.experitest.bmoPOC1.EriBankTest@13805618]" name="quickStartiOSNativeDemo" duration-ms="84025" started-at="2020-05-01T17:17:33 IST" finished-at="2020-05-01T17:18:57 IST">
          <reporter-output>
          </reporter-output>
        </test-method> <!-- quickStartiOSNativeDemo -->
        <test-method status="PASS" signature="tearDown()[pri:0, instance:com.experitest.bmoPOC1.EriBankTest@13805618]" name="tearDown" is-config="true" duration-ms="14335" started-at="2020-05-01T17:18:57 IST" finished-at="2020-05-01T17:19:11 IST">
          <reporter-output>
          </reporter-output>
        </test-method> <!-- tearDown -->
      </class> <!-- com.experitest.bmoPOC1.EriBankTest -->
    </test> <!-- Command line test -->
  </suite> <!-- com.experitest.bmoPOC1.EriBankTest -->
</testng-results>
