<?xml version="1.0" encoding="UTF-8"?>
<testng-results skipped="0" failed="0" ignored="0" total="1" passed="1">
  <reporter-output>
  </reporter-output>
  <suite name="Suite" duration-ms="119238" started-at="2020-05-01T17:19:35 IST" finished-at="2020-05-01T17:21:34 IST">
    <groups>
    </groups>
    <test name="Test1" duration-ms="119238" started-at="2020-05-01T17:19:35 IST" finished-at="2020-05-01T17:21:34 IST">
      <class name="com.experitest.bmoPOC1.EriBankTest">
        <test-method status="PASS" signature="setUp(java.lang.String)[pri:0, instance:com.experitest.bmoPOC1.EriBankTest@17579e0f]" name="setUp" is-config="true" duration-ms="41784" started-at="2020-05-01T17:19:35 IST" finished-at="2020-05-01T17:20:17 IST">
          <params>
            <param index="0">
              <value>
                <![CDATA[uk-1]]>
              </value>
            </param>
          </params>
          <reporter-output>
          </reporter-output>
        </test-method> <!-- setUp -->
        <test-method status="PASS" signature="quickStartiOSNativeDemo()[pri:0, instance:com.experitest.bmoPOC1.EriBankTest@17579e0f]" name="quickStartiOSNativeDemo" duration-ms="68311" started-at="2020-05-01T17:20:17 IST" finished-at="2020-05-01T17:21:25 IST">
          <reporter-output>
          </reporter-output>
        </test-method> <!-- quickStartiOSNativeDemo -->
        <test-method status="PASS" signature="tearDown()[pri:0, instance:com.experitest.bmoPOC1.EriBankTest@17579e0f]" name="tearDown" is-config="true" duration-ms="9135" started-at="2020-05-01T17:21:25 IST" finished-at="2020-05-01T17:21:34 IST">
          <reporter-output>
          </reporter-output>
        </test-method> <!-- tearDown -->
      </class> <!-- com.experitest.bmoPOC1.EriBankTest -->
    </test> <!-- Test1 -->
  </suite> <!-- Suite -->
</testng-results>
